Using pre-set license

 COMMAND LINE ARGUMENTS:
/Applications/Unity/Hub/Editor/2020.3.4f1/Unity.app/Contents/MacOS/Unity
-adb2
-batchMode
-noUpm
-name
AssetImportWorker0
-projectPath
/Users/jaimito/Github/FlappyBurger
-logFile
Logs/AssetImportWorker0.log
-srvPort
51275
Successfully changed project path to: /Users/jaimito/Github/FlappyBurger
/Users/jaimito/Github/FlappyBurger
Using Asset Import Pipeline V2.
Refreshing native plugins compatible for Editor in 66.23 ms, found 1 plugins.
Preloading 0 native plugins for Editor in 0.00 ms.
Initialize engine version: 2020.3.4f1 (0abb6314276a)
[Subsystems] Discovering subsystems at path /Applications/Unity/Hub/Editor/2020.3.4f1/Unity.app/Contents/Resources/UnitySubsystems
[Subsystems] Discovering subsystems at path /Users/jaimito/Github/FlappyBurger/Assets
GfxDevice: creating device client; threaded=0
2022-07-13 01:30:33.883 Unity[15088:727067] Color LCD preferred device: Intel(R) Iris(TM) Graphics 6100 (low power)
2022-07-13 01:30:33.883 Unity[15088:727067] Metal devices available: 1
2022-07-13 01:30:33.883 Unity[15088:727067] 0: Intel(R) Iris(TM) Graphics 6100 (low power)
2022-07-13 01:30:33.889 Unity[15088:727067] Using device Intel(R) Iris(TM) Graphics 6100 (low power)
Initializing Metal device caps: Intel(R) Iris(TM) Graphics 6100
Initialize mono
Mono path[0] = '/Applications/Unity/Hub/Editor/2020.3.4f1/Unity.app/Contents/Managed'
Mono path[1] = '/Applications/Unity/Hub/Editor/2020.3.4f1/Unity.app/Contents/MonoBleedingEdge/lib/mono/unityjit'
Mono config path = '/Applications/Unity/Hub/Editor/2020.3.4f1/Unity.app/Contents/MonoBleedingEdge/etc'
Using monoOptions --debugger-agent=transport=dt_socket,embedding=1,server=y,suspend=n,address=127.0.0.1:56088
Begin MonoManager ReloadAssembly
Registering precompiled unity dll's ...
Register platform support module: /Applications/Unity/Hub/Editor/2020.3.4f1/PlaybackEngines/WebGLSupport/UnityEditor.WebGL.Extensions.dll
Register platform support module: /Applications/Unity/Hub/Editor/2020.3.4f1/Unity.app/Contents/PlaybackEngines/MacStandaloneSupport/UnityEditor.OSXStandalone.Extensions.dll
Register platform support module: /Applications/Unity/Hub/Editor/2020.3.4f1/PlaybackEngines/LinuxStandaloneSupport/UnityEditor.LinuxStandalone.Extensions.dll
Registered in 0.003804 seconds.
Native extension for LinuxStandalone target not found
Native extension for OSXStandalone target not found
Native extension for WebGL target not found
Refreshing native plugins compatible for Editor in 43.15 ms, found 1 plugins.
Preloading 0 native plugins for Editor in 0.00 ms.
Mono: successfully reloaded assembly
- Completed reload, in  5.701 seconds
Platform modules already initialized, skipping
Registering precompiled user dll's ...
Registered in 0.001091 seconds.
Begin MonoManager ReloadAssembly
Native extension for LinuxStandalone target not found
Native extension for OSXStandalone target not found
Native extension for WebGL target not found
Refreshing native plugins compatible for Editor in 0.87 ms, found 1 plugins.
Preloading 0 native plugins for Editor in 0.00 ms.
Mono: successfully reloaded assembly
- Completed reload, in  1.261 seconds
Platform modules already initialized, skipping
========================================================================
Worker process is ready to serve import requests
Launching external process: /Applications/Unity/Hub/Editor/2020.3.4f1/Unity.app/Contents/Tools/UnityShaderCompiler
Launched and connected shader compiler UnityShaderCompiler after 0.03 seconds
Refreshing native plugins compatible for Editor in 0.67 ms, found 1 plugins.
Preloading 0 native plugins for Editor in 0.00 ms.
Unloading 1716 Unused Serialized files (Serialized files now loaded: 0)
System memory in use before: 146.5 MB.
System memory in use after: 146.4 MB.

Unloading 19 unused Assets to reduce memory usage. Loaded Objects now: 2159.
Total: 3.628218 ms (FindLiveObjects: 0.586098 ms CreateObjectMapping: 0.230381 ms MarkObjects: 2.651484 ms  DeleteObjects: 0.156960 ms)

========================================================================
Received Import Request.
  path: Assets/Scenes/Main.unity
  artifactKey: Guid(2cda990e2423bbf4892e6590ba056729) Importer(815301076,1909f56bfc062723c751e8b465ee728b)
Start importing Assets/Scenes/Main.unity using Guid(2cda990e2423bbf4892e6590ba056729) Importer(815301076,1909f56bfc062723c751e8b465ee728b)  -> (artifact id: '359e36c1b718cd9bb338b124e291953c') in 0.044754 seconds
  Import took 0.053079 seconds .

========================================================================
Received Import Request.
  Time since last request: 0.951558 seconds.
  path: Assets/Scenes/Main 1.unity
  artifactKey: Guid(3d91f0e96fb18447eaf3c62f93ca77a7) Importer(815301076,1909f56bfc062723c751e8b465ee728b)
Start importing Assets/Scenes/Main 1.unity using Guid(3d91f0e96fb18447eaf3c62f93ca77a7) Importer(815301076,1909f56bfc062723c751e8b465ee728b)  -> (artifact id: '0f6bd755f908b73ef81abe0f76f24fbb') in 0.003517 seconds
  Import took 0.020589 seconds .

========================================================================
Received Import Request.
  Time since last request: 6.801526 seconds.
  path: Assets/Scenes/Intro.unity
  artifactKey: Guid(3d91f0e96fb18447eaf3c62f93ca77a7) Importer(815301076,1909f56bfc062723c751e8b465ee728b)
Start importing Assets/Scenes/Intro.unity using Guid(3d91f0e96fb18447eaf3c62f93ca77a7) Importer(815301076,1909f56bfc062723c751e8b465ee728b)  -> (artifact id: '24361abcbe554334c457570324a21cf2') in 0.007077 seconds
  Import took 0.031287 seconds .

========================================================================
Received Import Request.
  Time since last request: 1563.066894 seconds.
  path: Assets/Sprites/cloudy-blue-sky.png
  artifactKey: Guid(939b2b2da1eda4775b5ae55c842a9401) Importer(815301076,1909f56bfc062723c751e8b465ee728b)
Start importing Assets/Sprites/cloudy-blue-sky.png using Guid(939b2b2da1eda4775b5ae55c842a9401) Importer(815301076,1909f56bfc062723c751e8b465ee728b)  -> (artifact id: '53c3ce59ddb8dc7d30cbbd76c825fafb') in 2.140142 seconds
  Import took 2.197227 seconds .

========================================================================
Received Import Request.
  Time since last request: 26.539095 seconds.
  path: Assets/TextMesh Pro/Resources/Fonts & Materials/LiberationSans SDF - Fallback.asset
  artifactKey: Guid(2e498d1c8094910479dc3e1b768306a4) Importer(815301076,1909f56bfc062723c751e8b465ee728b)
Start importing Assets/TextMesh Pro/Resources/Fonts & Materials/LiberationSans SDF - Fallback.asset using Guid(2e498d1c8094910479dc3e1b768306a4) Importer(815301076,1909f56bfc062723c751e8b465ee728b)  -> (artifact id: '99595624f06c2d9b4d4b4f3a2ffcf894') in 1.936877 seconds
  Import took 1.945911 seconds .

========================================================================
Received Import Request.
  Time since last request: 120.194999 seconds.
  path: Assets/Scenes/Game.unity
  artifactKey: Guid(3d91f0e96fb18447eaf3c62f93ca77a7) Importer(815301076,1909f56bfc062723c751e8b465ee728b)
Start importing Assets/Scenes/Game.unity using Guid(3d91f0e96fb18447eaf3c62f93ca77a7) Importer(815301076,1909f56bfc062723c751e8b465ee728b)  -> (artifact id: '03a2ada303d24250fb12f0c0955a9467') in 0.002398 seconds
  Import took 0.007144 seconds .

========================================================================
Received Import Request.
  Time since last request: 1.048164 seconds.
  path: Assets/Scenes/Main.unity
  artifactKey: Guid(2cda990e2423bbf4892e6590ba056729) Importer(815301076,1909f56bfc062723c751e8b465ee728b)
Start importing Assets/Scenes/Main.unity using Guid(2cda990e2423bbf4892e6590ba056729) Importer(815301076,1909f56bfc062723c751e8b465ee728b)  -> (artifact id: 'd360425b2163d2e1698d3fd2b998405b') in 0.003932 seconds
  Import took 0.018163 seconds .

========================================================================
Received Import Request.
  Time since last request: 0.003869 seconds.
  path: Assets/Scenes/Main.unity
  artifactKey: Guid(2cda990e2423bbf4892e6590ba056729) Importer(815301076,1909f56bfc062723c751e8b465ee728b)
Start importing Assets/Scenes/Main.unity using Guid(2cda990e2423bbf4892e6590ba056729) Importer(815301076,1909f56bfc062723c751e8b465ee728b)  -> (artifact id: 'd360425b2163d2e1698d3fd2b998405b') in 0.001749 seconds
  Import took 0.014222 seconds .

========================================================================
Received Import Request.
  Time since last request: 12.403096 seconds.
  path: Assets/Scenes/MainMenu.unity
  artifactKey: Guid(2cda990e2423bbf4892e6590ba056729) Importer(815301076,1909f56bfc062723c751e8b465ee728b)
Start importing Assets/Scenes/MainMenu.unity using Guid(2cda990e2423bbf4892e6590ba056729) Importer(815301076,1909f56bfc062723c751e8b465ee728b)  -> (artifact id: '9d36b983a30d5fbd330fc279f4bbfb37') in 0.002538 seconds
  Import took 0.009721 seconds .

========================================================================
Received Import Request.
  Time since last request: 134.549901 seconds.
  path: Assets/Sprites/cloudy-blue-sky.png
  artifactKey: Guid(939b2b2da1eda4775b5ae55c842a9401) Importer(815301076,1909f56bfc062723c751e8b465ee728b)
Start importing Assets/Sprites/cloudy-blue-sky.png using Guid(939b2b2da1eda4775b5ae55c842a9401) Importer(815301076,1909f56bfc062723c751e8b465ee728b)  -> (artifact id: 'ee264b2f9f1e8c788d57cf01e5f8f0c8') in 0.062580 seconds
  Import took 0.068743 seconds .

========================================================================
Received Import Request.
  Time since last request: 11.502363 seconds.
  path: Assets/Sprites/cloudy-blue-sky.png
  artifactKey: Guid(939b2b2da1eda4775b5ae55c842a9401) Importer(815301076,1909f56bfc062723c751e8b465ee728b)
Start importing Assets/Sprites/cloudy-blue-sky.png using Guid(939b2b2da1eda4775b5ae55c842a9401) Importer(815301076,1909f56bfc062723c751e8b465ee728b)  -> (artifact id: 'beab0523ea45d3a7bd7f0b21b1082172') in 0.040055 seconds
  Import took 0.049421 seconds .

========================================================================
Received Import Request.
  Time since last request: 8246.821923 seconds.
  path: Assets/Scenes/Main.unity
  artifactKey: Guid(2cda990e2423bbf4892e6590ba056729) Importer(815301076,1909f56bfc062723c751e8b465ee728b)
Start importing Assets/Scenes/Main.unity using Guid(2cda990e2423bbf4892e6590ba056729) Importer(815301076,1909f56bfc062723c751e8b465ee728b)  -> (artifact id: '165f22d71bce2b694328a6f983c06629') in 0.030417 seconds
  Import took 0.145645 seconds .

========================================================================
Received Import Request.
  Time since last request: 34.472637 seconds.
  path: Assets/Sprites/sky-background-with-clouds.png
  artifactKey: Guid(cfedc4f22775d4a4c8a8c9345218c1b7) Importer(815301076,1909f56bfc062723c751e8b465ee728b)
Start importing Assets/Sprites/sky-background-with-clouds.png using Guid(cfedc4f22775d4a4c8a8c9345218c1b7) Importer(815301076,1909f56bfc062723c751e8b465ee728b)  -> (artifact id: '96f855f8b535a46567f6d7cf9c0e9c01') in 0.327579 seconds
  Import took 0.353531 seconds .

========================================================================
Received Import Request.
  Time since last request: 445.530237 seconds.
  path: Assets/Scenes/Game 1.unity
  artifactKey: Guid(7e64258f72f304ba48c3894252f53f5c) Importer(815301076,1909f56bfc062723c751e8b465ee728b)
Start importing Assets/Scenes/Game 1.unity using Guid(7e64258f72f304ba48c3894252f53f5c) Importer(815301076,1909f56bfc062723c751e8b465ee728b)  -> (artifact id: 'c4cdefaa3f7bfeee146bd093d7a59355') in 0.028914 seconds
  Import took 0.070261 seconds .

========================================================================
Received Import Request.
  Time since last request: 2.958108 seconds.
  path: Assets/Scenes/Main.unity
  artifactKey: Guid(7e64258f72f304ba48c3894252f53f5c) Importer(815301076,1909f56bfc062723c751e8b465ee728b)
Start importing Assets/Scenes/Main.unity using Guid(7e64258f72f304ba48c3894252f53f5c) Importer(815301076,1909f56bfc062723c751e8b465ee728b)  -> (artifact id: 'ab76ddb1bc17c73dd69ef5d6229fde20') in 0.011655 seconds
  Import took 0.029678 seconds .

========================================================================
Received Import Request.
  Time since last request: 42.889103 seconds.
  path: Assets/Sprites/sky-background-with-clouds.png
  artifactKey: Guid(cfedc4f22775d4a4c8a8c9345218c1b7) Importer(815301076,1909f56bfc062723c751e8b465ee728b)
Start importing Assets/Sprites/sky-background-with-clouds.png using Guid(cfedc4f22775d4a4c8a8c9345218c1b7) Importer(815301076,1909f56bfc062723c751e8b465ee728b)  -> (artifact id: 'ca96262c681bd45db253dc8780cd7580') in 0.166068 seconds
  Import took 0.187452 seconds .

========================================================================
Received Import Request.
  Time since last request: 6.948513 seconds.
  path: Assets/Sprites/sky-background-with-clouds.png
  artifactKey: Guid(cfedc4f22775d4a4c8a8c9345218c1b7) Importer(815301076,1909f56bfc062723c751e8b465ee728b)
Start importing Assets/Sprites/sky-background-with-clouds.png using Guid(cfedc4f22775d4a4c8a8c9345218c1b7) Importer(815301076,1909f56bfc062723c751e8b465ee728b)  -> (artifact id: 'c9214ad0af486ae6c42c093d0a98606b') in 0.077601 seconds
  Import took 0.088439 seconds .

========================================================================
Received Import Request.
  Time since last request: 0.062924 seconds.
  path: Assets/Sprites/sky-background-with-clouds.png
  artifactKey: Guid(cfedc4f22775d4a4c8a8c9345218c1b7) Importer(815301076,1909f56bfc062723c751e8b465ee728b)
Start importing Assets/Sprites/sky-background-with-clouds.png using Guid(cfedc4f22775d4a4c8a8c9345218c1b7) Importer(815301076,1909f56bfc062723c751e8b465ee728b)  -> (artifact id: 'c9214ad0af486ae6c42c093d0a98606b') in 0.102232 seconds
  Import took 0.126877 seconds .

========================================================================
Received Import Request.
  Time since last request: 1913.136617 seconds.
  path: Assets/Scenes/Main.unity
  artifactKey: Guid(7e64258f72f304ba48c3894252f53f5c) Importer(815301076,1909f56bfc062723c751e8b465ee728b)
Start importing Assets/Scenes/Main.unity using Guid(7e64258f72f304ba48c3894252f53f5c) Importer(815301076,1909f56bfc062723c751e8b465ee728b)  -> (artifact id: 'bc0902e5a53b8ef3fff18d93869ee236') in 0.023505 seconds
  Import took 0.108576 seconds .

========================================================================
Received Prepare
Registering precompiled user dll's ...
Registered in 0.004323 seconds.
Begin MonoManager ReloadAssembly
Native extension for LinuxStandalone target not found
Native extension for OSXStandalone target not found
Native extension for WebGL target not found
Refreshing native plugins compatible for Editor in 0.65 ms, found 1 plugins.
Preloading 0 native plugins for Editor in 0.00 ms.
Mono: successfully reloaded assembly
- Completed reload, in  2.789 seconds
Platform modules already initialized, skipping
Switching build target platform(2) subTarget(0) extendedPlatform(0) -> platform(9) subTarget(16777218) extendedPlatform(0)
Refreshing native plugins compatible for Editor in 0.68 ms, found 1 plugins.
Preloading 0 native plugins for Editor in 0.00 ms.
Unloading 1698 Unused Serialized files (Serialized files now loaded: 0)
System memory in use before: 156.6 MB.
System memory in use after: 156.6 MB.

Unloading 9 unused Assets to reduce memory usage. Loaded Objects now: 2209.
Total: 6.986209 ms (FindLiveObjects: 1.454368 ms CreateObjectMapping: 0.713421 ms MarkObjects: 4.611649 ms  DeleteObjects: 0.204438 ms)

AssetImportParameters requested are different than current active one (requested -> active):
  custom:graphics/normal-map-encoding: 01000000000000000000000000000000 -> 02000000000000000000000000000000
========================================================================
Received Prepare
Registering precompiled user dll's ...
Registered in 0.000894 seconds.
Begin MonoManager ReloadAssembly
Native extension for LinuxStandalone target not found
Native extension for OSXStandalone target not found
Native extension for WebGL target not found
Refreshing native plugins compatible for Editor in 0.64 ms, found 1 plugins.
Preloading 0 native plugins for Editor in 0.00 ms.
Mono: successfully reloaded assembly
- Completed reload, in  1.354 seconds
Platform modules already initialized, skipping
Switching build target platform(2) subTarget(0) extendedPlatform(0) -> platform(9) subTarget(16777218) extendedPlatform(0)
Refreshing native plugins compatible for Editor in 0.34 ms, found 1 plugins.
Preloading 0 native plugins for Editor in 0.00 ms.
Unloading 1698 Unused Serialized files (Serialized files now loaded: 0)
System memory in use before: 157.1 MB.
System memory in use after: 157.1 MB.

Unloading 9 unused Assets to reduce memory usage. Loaded Objects now: 2212.
Total: 2.366346 ms (FindLiveObjects: 0.208570 ms CreateObjectMapping: 0.059737 ms MarkObjects: 1.926493 ms  DeleteObjects: 0.169569 ms)

AssetImportParameters requested are different than current active one (requested -> active):
  custom:graphics/normal-map-encoding: 01000000000000000000000000000000 -> 02000000000000000000000000000000
========================================================================
Received Prepare
Registering precompiled user dll's ...
Registered in 0.001337 seconds.
Begin MonoManager ReloadAssembly
Native extension for LinuxStandalone target not found
Native extension for OSXStandalone target not found
Native extension for WebGL target not found
Refreshing native plugins compatible for Editor in 2.18 ms, found 1 plugins.
Preloading 0 native plugins for Editor in 0.00 ms.
Mono: successfully reloaded assembly
- Completed reload, in  6.408 seconds
Platform modules already initialized, skipping
Switching build target platform(2) subTarget(0) extendedPlatform(0) -> platform(9) subTarget(16777218) extendedPlatform(0)
Refreshing native plugins compatible for Editor in 1.07 ms, found 1 plugins.
Preloading 0 native plugins for Editor in 0.00 ms.
Unloading 1698 Unused Serialized files (Serialized files now loaded: 0)
System memory in use before: 157.2 MB.
System memory in use after: 157.2 MB.

Unloading 9 unused Assets to reduce memory usage. Loaded Objects now: 2215.
Total: 9.152912 ms (FindLiveObjects: 1.913030 ms CreateObjectMapping: 0.424249 ms MarkObjects: 6.425899 ms  DeleteObjects: 0.376886 ms)

AssetImportParameters requested are different than current active one (requested -> active):
  custom:graphics/normal-map-encoding: 01000000000000000000000000000000 -> 02000000000000000000000000000000
========================================================================
Received Prepare
Registering precompiled user dll's ...
Registered in 0.006683 seconds.
Begin MonoManager ReloadAssembly
Native extension for LinuxStandalone target not found
Native extension for OSXStandalone target not found
Native extension for WebGL target not found
Refreshing native plugins compatible for Editor in 4.85 ms, found 1 plugins.
Preloading 0 native plugins for Editor in 0.00 ms.
Mono: successfully reloaded assembly
- Completed reload, in  4.375 seconds
Platform modules already initialized, skipping
Switching build target platform(2) subTarget(0) extendedPlatform(0) -> platform(9) subTarget(16777218) extendedPlatform(0)
Refreshing native plugins compatible for Editor in 0.36 ms, found 1 plugins.
Preloading 0 native plugins for Editor in 0.00 ms.
Unloading 1698 Unused Serialized files (Serialized files now loaded: 0)
System memory in use before: 157.4 MB.
System memory in use after: 157.4 MB.

Unloading 9 unused Assets to reduce memory usage. Loaded Objects now: 2218.
Total: 2.316880 ms (FindLiveObjects: 0.314846 ms CreateObjectMapping: 0.073101 ms MarkObjects: 1.818568 ms  DeleteObjects: 0.108095 ms)

AssetImportParameters requested are different than current active one (requested -> active):
  custom:graphics/normal-map-encoding: 01000000000000000000000000000000 -> 02000000000000000000000000000000
========================================================================
Received Prepare
Registering precompiled user dll's ...
Registered in 0.005258 seconds.
Begin MonoManager ReloadAssembly
Native extension for LinuxStandalone target not found
Native extension for OSXStandalone target not found
Native extension for WebGL target not found
Refreshing native plugins compatible for Editor in 0.34 ms, found 1 plugins.
Preloading 0 native plugins for Editor in 0.00 ms.
Mono: successfully reloaded assembly
- Completed reload, in  1.917 seconds
Platform modules already initialized, skipping
Switching build target platform(2) subTarget(0) extendedPlatform(0) -> platform(9) subTarget(16777218) extendedPlatform(0)
Refreshing native plugins compatible for Editor in 0.42 ms, found 1 plugins.
Preloading 0 native plugins for Editor in 0.00 ms.
Unloading 1699 Unused Serialized files (Serialized files now loaded: 0)
System memory in use before: 157.6 MB.
System memory in use after: 157.6 MB.

Unloading 9 unused Assets to reduce memory usage. Loaded Objects now: 2222.
Total: 2.216978 ms (FindLiveObjects: 0.297417 ms CreateObjectMapping: 0.064048 ms MarkObjects: 1.744624 ms  DeleteObjects: 0.109331 ms)

AssetImportParameters requested are different than current active one (requested -> active):
  custom:graphics/normal-map-encoding: 01000000000000000000000000000000 -> 02000000000000000000000000000000
========================================================================
Received Prepare
Registering precompiled user dll's ...
Registered in 0.033919 seconds.
Begin MonoManager ReloadAssembly
Native extension for LinuxStandalone target not found
Native extension for OSXStandalone target not found
Native extension for WebGL target not found
Refreshing native plugins compatible for Editor in 2.50 ms, found 1 plugins.
Preloading 0 native plugins for Editor in 0.00 ms.
Mono: successfully reloaded assembly
- Completed reload, in  4.228 seconds
Platform modules already initialized, skipping
Switching build target platform(2) subTarget(0) extendedPlatform(0) -> platform(9) subTarget(16777218) extendedPlatform(0)
Refreshing native plugins compatible for Editor in 1.93 ms, found 1 plugins.
Preloading 0 native plugins for Editor in 0.00 ms.
Unloading 1699 Unused Serialized files (Serialized files now loaded: 0)
System memory in use before: 158.0 MB.
System memory in use after: 158.0 MB.

Unloading 9 unused Assets to reduce memory usage. Loaded Objects now: 2225.
Total: 5.211334 ms (FindLiveObjects: 0.255060 ms CreateObjectMapping: 0.069491 ms MarkObjects: 4.616097 ms  DeleteObjects: 0.266801 ms)

AssetImportParameters requested are different than current active one (requested -> active):
  custom:graphics/normal-map-encoding: 01000000000000000000000000000000 -> 02000000000000000000000000000000
========================================================================
Received Import Request.
  Time since last request: 1837.556229 seconds.
  path: Assets/Scenes/Main.unity
  artifactKey: Guid(7e64258f72f304ba48c3894252f53f5c) Importer(815301076,1909f56bfc062723c751e8b465ee728b)
Start importing Assets/Scenes/Main.unity using Guid(7e64258f72f304ba48c3894252f53f5c) Importer(815301076,1909f56bfc062723c751e8b465ee728b)  -> (artifact id: 'cac18e06fdbc51e664a510cb3a7cc16e') in 0.041502 seconds
  Import took 0.045828 seconds .

========================================================================
Received Prepare
Registering precompiled user dll's ...
Registered in 0.002898 seconds.
Begin MonoManager ReloadAssembly
Native extension for LinuxStandalone target not found
Native extension for OSXStandalone target not found
Native extension for WebGL target not found
Refreshing native plugins compatible for Editor in 0.34 ms, found 1 plugins.
Preloading 0 native plugins for Editor in 0.00 ms.
Mono: successfully reloaded assembly
- Completed reload, in  1.508 seconds
Platform modules already initialized, skipping
Switching build target platform(2) subTarget(0) extendedPlatform(0) -> platform(9) subTarget(16777218) extendedPlatform(0)
Refreshing native plugins compatible for Editor in 0.35 ms, found 1 plugins.
Preloading 0 native plugins for Editor in 0.00 ms.
Unloading 1699 Unused Serialized files (Serialized files now loaded: 0)
System memory in use before: 158.0 MB.
System memory in use after: 158.0 MB.

Unloading 9 unused Assets to reduce memory usage. Loaded Objects now: 2228.
Total: 2.351958 ms (FindLiveObjects: 0.294382 ms CreateObjectMapping: 0.062096 ms MarkObjects: 1.884863 ms  DeleteObjects: 0.109095 ms)

AssetImportParameters requested are different than current active one (requested -> active):
  custom:graphics/normal-map-encoding: 01000000000000000000000000000000 -> 02000000000000000000000000000000
========================================================================
Received Prepare
Registering precompiled user dll's ...
Registered in 0.006296 seconds.
Begin MonoManager ReloadAssembly
Native extension for LinuxStandalone target not found
Native extension for OSXStandalone target not found
Native extension for WebGL target not found
Refreshing native plugins compatible for Editor in 1.52 ms, found 1 plugins.
Preloading 0 native plugins for Editor in 0.00 ms.
Mono: successfully reloaded assembly
- Completed reload, in  3.740 seconds
Platform modules already initialized, skipping
Switching build target platform(2) subTarget(0) extendedPlatform(0) -> platform(9) subTarget(16777218) extendedPlatform(0)
Refreshing native plugins compatible for Editor in 0.34 ms, found 1 plugins.
Preloading 0 native plugins for Editor in 0.00 ms.
Unloading 1699 Unused Serialized files (Serialized files now loaded: 0)
System memory in use before: 158.2 MB.
System memory in use after: 158.3 MB.

Unloading 9 unused Assets to reduce memory usage. Loaded Objects now: 2231.
Total: 14.662384 ms (FindLiveObjects: 4.572074 ms CreateObjectMapping: 2.426223 ms MarkObjects: 7.134685 ms  DeleteObjects: 0.517359 ms)

AssetImportParameters requested are different than current active one (requested -> active):
  custom:graphics/normal-map-encoding: 01000000000000000000000000000000 -> 02000000000000000000000000000000
========================================================================
Received Import Request.
  Time since last request: 732.363533 seconds.
  path: Assets/Scripts/Skins
  artifactKey: Guid(16fd8614db8b34d7d898c006b2b2e034) Importer(815301076,1909f56bfc062723c751e8b465ee728b)
Start importing Assets/Scripts/Skins using Guid(16fd8614db8b34d7d898c006b2b2e034) Importer(815301076,1909f56bfc062723c751e8b465ee728b)  -> (artifact id: '0562f642af4b0e624efee8ef8fe92bf4') in 0.106750 seconds
  Import took 0.173563 seconds .

========================================================================
Received Import Request.
  Time since last request: 1.613612 seconds.
  path: Assets/Scripts/SkinSystem.cs
  artifactKey: Guid(08f688dc1b2b1437899f8576f2fc04fc) Importer(815301076,1909f56bfc062723c751e8b465ee728b)
Start importing Assets/Scripts/SkinSystem.cs using Guid(08f688dc1b2b1437899f8576f2fc04fc) Importer(815301076,1909f56bfc062723c751e8b465ee728b)  -> (artifact id: '314fd282bf6bc75c95262ca7780c9e8d') in 1.260198 seconds
  Import took 1.274478 seconds .

========================================================================
Received Prepare
Registering precompiled user dll's ...
Registered in 0.001880 seconds.
Begin MonoManager ReloadAssembly
Native extension for LinuxStandalone target not found
Native extension for OSXStandalone target not found
Native extension for WebGL target not found
Refreshing native plugins compatible for Editor in 0.72 ms, found 1 plugins.
Preloading 0 native plugins for Editor in 0.00 ms.
Mono: successfully reloaded assembly
- Completed reload, in  2.704 seconds
Platform modules already initialized, skipping
Switching build target platform(2) subTarget(0) extendedPlatform(0) -> platform(9) subTarget(16777218) extendedPlatform(0)
Refreshing native plugins compatible for Editor in 0.35 ms, found 1 plugins.
Preloading 0 native plugins for Editor in 0.00 ms.
Unloading 1699 Unused Serialized files (Serialized files now loaded: 0)
System memory in use before: 162.7 MB.
System memory in use after: 162.7 MB.

Unloading 9 unused Assets to reduce memory usage. Loaded Objects now: 2234.
Total: 7.350213 ms (FindLiveObjects: 0.297027 ms CreateObjectMapping: 0.150126 ms MarkObjects: 6.510578 ms  DeleteObjects: 0.378072 ms)

AssetImportParameters requested are different than current active one (requested -> active):
  custom:graphics/normal-map-encoding: 01000000000000000000000000000000 -> 02000000000000000000000000000000
========================================================================
Received Import Request.
  Time since last request: 33.461237 seconds.
  path: Assets/Scripts/Skins/SkinScriptableObject.cs
  artifactKey: Guid(66310ff385ba9482ba4dd05a4a7b2e5a) Importer(815301076,1909f56bfc062723c751e8b465ee728b)
Start importing Assets/Scripts/Skins/SkinScriptableObject.cs using Guid(66310ff385ba9482ba4dd05a4a7b2e5a) Importer(815301076,1909f56bfc062723c751e8b465ee728b)  -> (artifact id: '1929d759e22a7cedf19ae1881f972aa9') in 0.051750 seconds
  Import took 0.072443 seconds .

========================================================================
Received Prepare
Registering precompiled user dll's ...
Registered in 0.001659 seconds.
Begin MonoManager ReloadAssembly
Native extension for LinuxStandalone target not found
Native extension for OSXStandalone target not found
Native extension for WebGL target not found
Refreshing native plugins compatible for Editor in 9.52 ms, found 1 plugins.
Preloading 0 native plugins for Editor in 0.00 ms.
Mono: successfully reloaded assembly
- Completed reload, in  4.453 seconds
Platform modules already initialized, skipping
Switching build target platform(2) subTarget(0) extendedPlatform(0) -> platform(9) subTarget(16777218) extendedPlatform(0)
Refreshing native plugins compatible for Editor in 35.81 ms, found 1 plugins.
Preloading 0 native plugins for Editor in 0.00 ms.
Unloading 1700 Unused Serialized files (Serialized files now loaded: 0)
System memory in use before: 163.0 MB.
System memory in use after: 163.0 MB.

Unloading 9 unused Assets to reduce memory usage. Loaded Objects now: 2238.
Total: 12.686276 ms (FindLiveObjects: 2.022395 ms CreateObjectMapping: 0.784580 ms MarkObjects: 9.450216 ms  DeleteObjects: 0.409047 ms)

AssetImportParameters requested are different than current active one (requested -> active):
  custom:graphics/normal-map-encoding: 01000000000000000000000000000000 -> 02000000000000000000000000000000
========================================================================
Received Import Request.
  Time since last request: 269.167836 seconds.
  path: Assets/Scripts/Skins/SkinScriptableObject.cs
  artifactKey: Guid(66310ff385ba9482ba4dd05a4a7b2e5a) Importer(815301076,1909f56bfc062723c751e8b465ee728b)
Start importing Assets/Scripts/Skins/SkinScriptableObject.cs using Guid(66310ff385ba9482ba4dd05a4a7b2e5a) Importer(815301076,1909f56bfc062723c751e8b465ee728b)  -> (artifact id: '92fca7d3f0784b14db434a5f1c362319') in 0.039074 seconds
  Import took 0.067857 seconds .

========================================================================
Received Prepare
Registering precompiled user dll's ...
Registered in 0.005600 seconds.
Begin MonoManager ReloadAssembly
Native extension for LinuxStandalone target not found
Native extension for OSXStandalone target not found
Native extension for WebGL target not found
Refreshing native plugins compatible for Editor in 0.37 ms, found 1 plugins.
Preloading 0 native plugins for Editor in 0.00 ms.
Mono: successfully reloaded assembly
- Completed reload, in  3.436 seconds
Platform modules already initialized, skipping
Switching build target platform(2) subTarget(0) extendedPlatform(0) -> platform(9) subTarget(16777218) extendedPlatform(0)
Refreshing native plugins compatible for Editor in 0.34 ms, found 1 plugins.
Preloading 0 native plugins for Editor in 0.00 ms.
Unloading 1700 Unused Serialized files (Serialized files now loaded: 0)
System memory in use before: 163.3 MB.
System memory in use after: 163.3 MB.

Unloading 9 unused Assets to reduce memory usage. Loaded Objects now: 2241.
Total: 23.051647 ms (FindLiveObjects: 2.671214 ms CreateObjectMapping: 0.783139 ms MarkObjects: 16.089858 ms  DeleteObjects: 3.502985 ms)

AssetImportParameters requested are different than current active one (requested -> active):
  custom:graphics/normal-map-encoding: 01000000000000000000000000000000 -> 02000000000000000000000000000000
========================================================================
Received Prepare
Registering precompiled user dll's ...
Registered in 0.020225 seconds.
Begin MonoManager ReloadAssembly
Native extension for LinuxStandalone target not found
Native extension for OSXStandalone target not found
Native extension for WebGL target not found
Refreshing native plugins compatible for Editor in 0.52 ms, found 1 plugins.
Preloading 0 native plugins for Editor in 0.00 ms.
Mono: successfully reloaded assembly
- Completed reload, in  3.384 seconds
Platform modules already initialized, skipping
Switching build target platform(2) subTarget(0) extendedPlatform(0) -> platform(9) subTarget(16777218) extendedPlatform(0)
Refreshing native plugins compatible for Editor in 0.47 ms, found 1 plugins.
Preloading 0 native plugins for Editor in 0.00 ms.
Unloading 1700 Unused Serialized files (Serialized files now loaded: 0)
System memory in use before: 163.4 MB.
System memory in use after: 163.4 MB.

Unloading 9 unused Assets to reduce memory usage. Loaded Objects now: 2244.
Total: 2.513266 ms (FindLiveObjects: 0.300835 ms CreateObjectMapping: 0.061522 ms MarkObjects: 2.033321 ms  DeleteObjects: 0.115926 ms)

AssetImportParameters requested are different than current active one (requested -> active):
  custom:graphics/normal-map-encoding: 01000000000000000000000000000000 -> 02000000000000000000000000000000
========================================================================
Received Import Request.
  Time since last request: 117.255857 seconds.
  path: Assets/Scripts/Skins/SkinScriptableObject.cs
  artifactKey: Guid(66310ff385ba9482ba4dd05a4a7b2e5a) Importer(815301076,1909f56bfc062723c751e8b465ee728b)
Start importing Assets/Scripts/Skins/SkinScriptableObject.cs using Guid(66310ff385ba9482ba4dd05a4a7b2e5a) Importer(815301076,1909f56bfc062723c751e8b465ee728b)  -> (artifact id: '003f0c2f5112bc9769076e72eb14435d') in 0.018448 seconds
  Import took 0.035490 seconds .

========================================================================
Received Import Request.
  Time since last request: 0.015774 seconds.
  path: Assets/Scripts/Skins/SkinScriptableObject.cs
  artifactKey: Guid(66310ff385ba9482ba4dd05a4a7b2e5a) Importer(815301076,1909f56bfc062723c751e8b465ee728b)
Start importing Assets/Scripts/Skins/SkinScriptableObject.cs using Guid(66310ff385ba9482ba4dd05a4a7b2e5a) Importer(815301076,1909f56bfc062723c751e8b465ee728b)  -> (artifact id: '003f0c2f5112bc9769076e72eb14435d') in 0.003621 seconds
  Import took 0.012245 seconds .

========================================================================
Received Import Request.
  Time since last request: 2.349636 seconds.
  path: Assets/Scripts/Skins/SkinSystem.cs
  artifactKey: Guid(08f688dc1b2b1437899f8576f2fc04fc) Importer(815301076,1909f56bfc062723c751e8b465ee728b)
Start importing Assets/Scripts/Skins/SkinSystem.cs using Guid(08f688dc1b2b1437899f8576f2fc04fc) Importer(815301076,1909f56bfc062723c751e8b465ee728b)  -> (artifact id: '9df31250fda99d37a11111b5e69a1478') in 0.017016 seconds
  Import took 0.041014 seconds .

========================================================================
Received Import Request.
  Time since last request: 18.194583 seconds.
  path: Assets/Prefabs/HellSkin.asset
  artifactKey: Guid(56ef42b3a14c044658813d93c7f6b40c) Importer(815301076,1909f56bfc062723c751e8b465ee728b)
Start importing Assets/Prefabs/HellSkin.asset using Guid(56ef42b3a14c044658813d93c7f6b40c) Importer(815301076,1909f56bfc062723c751e8b465ee728b)  -> (artifact id: '0a1826eb30f55c33bcc636557f69faa1') in 0.120310 seconds
  Import took 0.141292 seconds .

========================================================================
Received Import Request.
  Time since last request: 16.601950 seconds.
  path: Assets/Prefabs/HellSkin.asset
  artifactKey: Guid(56ef42b3a14c044658813d93c7f6b40c) Importer(815301076,1909f56bfc062723c751e8b465ee728b)
Start importing Assets/Prefabs/HellSkin.asset using Guid(56ef42b3a14c044658813d93c7f6b40c) Importer(815301076,1909f56bfc062723c751e8b465ee728b)  -> (artifact id: '399b5edd85ad98921460fc878ee3c8d2') in 0.022689 seconds
  Import took 0.033339 seconds .

========================================================================
Received Import Request.
  Time since last request: 0.028628 seconds.
  path: Assets/Prefabs/HellSkin.asset
  artifactKey: Guid(56ef42b3a14c044658813d93c7f6b40c) Importer(815301076,1909f56bfc062723c751e8b465ee728b)
Start importing Assets/Prefabs/HellSkin.asset using Guid(56ef42b3a14c044658813d93c7f6b40c) Importer(815301076,1909f56bfc062723c751e8b465ee728b)  -> (artifact id: '399b5edd85ad98921460fc878ee3c8d2') in 0.009034 seconds
  Import took 0.034572 seconds .

========================================================================
Received Import Request.
  Time since last request: 9.299688 seconds.
  path: Assets/Prefabs/HellSkin.asset
  artifactKey: Guid(56ef42b3a14c044658813d93c7f6b40c) Importer(815301076,1909f56bfc062723c751e8b465ee728b)
Start importing Assets/Prefabs/HellSkin.asset using Guid(56ef42b3a14c044658813d93c7f6b40c) Importer(815301076,1909f56bfc062723c751e8b465ee728b)  -> (artifact id: '89dade9771d9761f9996540390c1cf54') in 0.025970 seconds
  Import took 0.035496 seconds .

========================================================================
Received Import Request.
  Time since last request: 0.019153 seconds.
  path: Assets/Prefabs/HellSkin.asset
  artifactKey: Guid(56ef42b3a14c044658813d93c7f6b40c) Importer(815301076,1909f56bfc062723c751e8b465ee728b)
Start importing Assets/Prefabs/HellSkin.asset using Guid(56ef42b3a14c044658813d93c7f6b40c) Importer(815301076,1909f56bfc062723c751e8b465ee728b)  -> (artifact id: '89dade9771d9761f9996540390c1cf54') in 0.019017 seconds
  Import took 0.034949 seconds .

========================================================================
Received Import Request.
  Time since last request: 29.619425 seconds.
  path: Assets/Prefabs/HellSkin 1.asset
  artifactKey: Guid(8e701a32bb1104460ab7a1763c31a568) Importer(815301076,1909f56bfc062723c751e8b465ee728b)
Start importing Assets/Prefabs/HellSkin 1.asset using Guid(8e701a32bb1104460ab7a1763c31a568) Importer(815301076,1909f56bfc062723c751e8b465ee728b)  -> (artifact id: '21e7c37ac5845efbec83c79fc7a4f568') in 0.015372 seconds
  Import took 0.042188 seconds .

========================================================================
Received Import Request.
  Time since last request: 0.026587 seconds.
  path: Assets/Prefabs/HellSkin 1.asset
  artifactKey: Guid(8e701a32bb1104460ab7a1763c31a568) Importer(815301076,1909f56bfc062723c751e8b465ee728b)
Start importing Assets/Prefabs/HellSkin 1.asset using Guid(8e701a32bb1104460ab7a1763c31a568) Importer(815301076,1909f56bfc062723c751e8b465ee728b)  -> (artifact id: '21e7c37ac5845efbec83c79fc7a4f568') in 0.017668 seconds
  Import took 0.040521 seconds .

========================================================================
Received Import Request.
  Time since last request: 4.783896 seconds.
  path: Assets/Prefabs/HeavenSkin.asset
  artifactKey: Guid(8e701a32bb1104460ab7a1763c31a568) Importer(815301076,1909f56bfc062723c751e8b465ee728b)
Start importing Assets/Prefabs/HeavenSkin.asset using Guid(8e701a32bb1104460ab7a1763c31a568) Importer(815301076,1909f56bfc062723c751e8b465ee728b)  -> (artifact id: '352905714b71da2cc15e06c2b3002d8a') in 0.019511 seconds
  Import took 0.040942 seconds .

========================================================================
Received Import Request.
  Time since last request: 0.032223 seconds.
  path: Assets/Prefabs/HeavenSkin.asset
  artifactKey: Guid(8e701a32bb1104460ab7a1763c31a568) Importer(815301076,1909f56bfc062723c751e8b465ee728b)
Start importing Assets/Prefabs/HeavenSkin.asset using Guid(8e701a32bb1104460ab7a1763c31a568) Importer(815301076,1909f56bfc062723c751e8b465ee728b)  -> (artifact id: '352905714b71da2cc15e06c2b3002d8a') in 0.009336 seconds
  Import took 0.027589 seconds .

========================================================================
Received Import Request.
  Time since last request: 1.055963 seconds.
  path: Assets/Prefabs/HeavenSkin 1.asset
  artifactKey: Guid(0e9d7d0783d564a9a9d2cab3abc264ea) Importer(815301076,1909f56bfc062723c751e8b465ee728b)
Start importing Assets/Prefabs/HeavenSkin 1.asset using Guid(0e9d7d0783d564a9a9d2cab3abc264ea) Importer(815301076,1909f56bfc062723c751e8b465ee728b)  -> (artifact id: 'c2fc5ab0a2a8dd0ac14c558b265b1d45') in 0.038183 seconds
  Import took 0.062295 seconds .

========================================================================
Received Import Request.
  Time since last request: 0.001638 seconds.
  path: Assets/Prefabs/HeavenSkin.asset
  artifactKey: Guid(8e701a32bb1104460ab7a1763c31a568) Importer(815301076,1909f56bfc062723c751e8b465ee728b)
Start importing Assets/Prefabs/HeavenSkin.asset using Guid(8e701a32bb1104460ab7a1763c31a568) Importer(815301076,1909f56bfc062723c751e8b465ee728b)  -> (artifact id: 'cafbb382e981987f3ecddba21462c082') in 0.015726 seconds
  Import took 0.032196 seconds .

========================================================================
Received Import Request.
  Time since last request: 0.001249 seconds.
  path: Assets/Prefabs/HeavenSkin 1.asset
  artifactKey: Guid(0e9d7d0783d564a9a9d2cab3abc264ea) Importer(815301076,1909f56bfc062723c751e8b465ee728b)
Start importing Assets/Prefabs/HeavenSkin 1.asset using Guid(0e9d7d0783d564a9a9d2cab3abc264ea) Importer(815301076,1909f56bfc062723c751e8b465ee728b)  -> (artifact id: 'c2fc5ab0a2a8dd0ac14c558b265b1d45') in 0.032777 seconds
  Import took 0.056481 seconds .

========================================================================
Received Import Request.
  Time since last request: 4.399740 seconds.
  path: Assets/Prefabs/PurgatorySkin.asset
  artifactKey: Guid(0e9d7d0783d564a9a9d2cab3abc264ea) Importer(815301076,1909f56bfc062723c751e8b465ee728b)
Start importing Assets/Prefabs/PurgatorySkin.asset using Guid(0e9d7d0783d564a9a9d2cab3abc264ea) Importer(815301076,1909f56bfc062723c751e8b465ee728b)  -> (artifact id: 'd5ff6fd2566979dc055740574b1500f9') in 0.014798 seconds
  Import took 0.039414 seconds .

========================================================================
Received Import Request.
  Time since last request: 0.032807 seconds.
  path: Assets/Prefabs/PurgatorySkin.asset
  artifactKey: Guid(0e9d7d0783d564a9a9d2cab3abc264ea) Importer(815301076,1909f56bfc062723c751e8b465ee728b)
Start importing Assets/Prefabs/PurgatorySkin.asset using Guid(0e9d7d0783d564a9a9d2cab3abc264ea) Importer(815301076,1909f56bfc062723c751e8b465ee728b)  -> (artifact id: 'd5ff6fd2566979dc055740574b1500f9') in 0.032473 seconds
  Import took 0.067790 seconds .

========================================================================
Received Import Request.
  Time since last request: 15.790447 seconds.
  path: Assets/Prefabs/HeavenSkin.asset
  artifactKey: Guid(8e701a32bb1104460ab7a1763c31a568) Importer(815301076,1909f56bfc062723c751e8b465ee728b)
Start importing Assets/Prefabs/HeavenSkin.asset using Guid(8e701a32bb1104460ab7a1763c31a568) Importer(815301076,1909f56bfc062723c751e8b465ee728b)  -> (artifact id: 'fed3b21b0255500aec9dcfef1c0e85b7') in 0.031447 seconds
  Import took 0.056182 seconds .

========================================================================
Received Import Request.
  Time since last request: 40.215910 seconds.
  path: Assets/Materials/Background_Sprite Scrolling.mat
  artifactKey: Guid(d263a8fa5fac644f5a2ee0b8a7d0d1b3) Importer(815301076,1909f56bfc062723c751e8b465ee728b)
Start importing Assets/Materials/Background_Sprite Scrolling.mat using Guid(d263a8fa5fac644f5a2ee0b8a7d0d1b3) Importer(815301076,1909f56bfc062723c751e8b465ee728b)  -> (artifact id: '2616278a785e4859f9f6adab125c5a13') in 0.436683 seconds
  Import took 0.442392 seconds .

========================================================================
Received Import Request.
  Time since last request: 0.000328 seconds.
  path: Assets/Materials/Flames_Sprite Scrolling.mat
  artifactKey: Guid(3ae68fda5745842e5b8101adf203edaf) Importer(815301076,1909f56bfc062723c751e8b465ee728b)
Start importing Assets/Materials/Flames_Sprite Scrolling.mat using Guid(3ae68fda5745842e5b8101adf203edaf) Importer(815301076,1909f56bfc062723c751e8b465ee728b)  -> (artifact id: '8e35489104b78942344b452bade19d0d') in 0.017214 seconds
  Import took 0.022005 seconds .

========================================================================
Received Import Request.
  Time since last request: 0.000746 seconds.
  path: Assets/Materials/Background_Sprite Scrolling.mat
  artifactKey: Guid(d263a8fa5fac644f5a2ee0b8a7d0d1b3) Importer(815301076,1909f56bfc062723c751e8b465ee728b)
Start importing Assets/Materials/Background_Sprite Scrolling.mat using Guid(d263a8fa5fac644f5a2ee0b8a7d0d1b3) Importer(815301076,1909f56bfc062723c751e8b465ee728b)  -> (artifact id: '2616278a785e4859f9f6adab125c5a13') in 0.057583 seconds
  Import took 0.064622 seconds .

========================================================================
Received Import Request.
  Time since last request: 0.002196 seconds.
  path: Assets/Materials/Flames_Sprite Scrolling.mat
  artifactKey: Guid(3ae68fda5745842e5b8101adf203edaf) Importer(815301076,1909f56bfc062723c751e8b465ee728b)
Start importing Assets/Materials/Flames_Sprite Scrolling.mat using Guid(3ae68fda5745842e5b8101adf203edaf) Importer(815301076,1909f56bfc062723c751e8b465ee728b)  -> (artifact id: '8e35489104b78942344b452bade19d0d') in 0.026737 seconds
  Import took 0.033019 seconds .

========================================================================
Received Import Request.
  Time since last request: 67.581487 seconds.
  path: Assets/Prefabs/PurgatorySkin.asset
  artifactKey: Guid(0e9d7d0783d564a9a9d2cab3abc264ea) Importer(815301076,1909f56bfc062723c751e8b465ee728b)
Start importing Assets/Prefabs/PurgatorySkin.asset using Guid(0e9d7d0783d564a9a9d2cab3abc264ea) Importer(815301076,1909f56bfc062723c751e8b465ee728b)  -> (artifact id: '3c54237044f32037e424a08f7d8a0e6d') in 0.010416 seconds
  Import took 0.015422 seconds .

========================================================================
Received Import Request.
  Time since last request: 22.340308 seconds.
  path: Assets/Prefabs/HellSkin.asset
  artifactKey: Guid(56ef42b3a14c044658813d93c7f6b40c) Importer(815301076,1909f56bfc062723c751e8b465ee728b)
Start importing Assets/Prefabs/HellSkin.asset using Guid(56ef42b3a14c044658813d93c7f6b40c) Importer(815301076,1909f56bfc062723c751e8b465ee728b)  -> (artifact id: '50390e405e8472e8b33344c9639b9225') in 0.015120 seconds
  Import took 0.030772 seconds .

========================================================================
Received Import Request.
  Time since last request: 0.049717 seconds.
  path: Assets/Prefabs/HellSkin.asset
  artifactKey: Guid(56ef42b3a14c044658813d93c7f6b40c) Importer(815301076,1909f56bfc062723c751e8b465ee728b)
Start importing Assets/Prefabs/HellSkin.asset using Guid(56ef42b3a14c044658813d93c7f6b40c) Importer(815301076,1909f56bfc062723c751e8b465ee728b)  -> (artifact id: '50390e405e8472e8b33344c9639b9225') in 0.024932 seconds
  Import took 0.042298 seconds .

========================================================================
Received Import Request.
  Time since last request: 50.118579 seconds.
  path: Assets/Prefabs/HeavenSkin.asset
  artifactKey: Guid(8e701a32bb1104460ab7a1763c31a568) Importer(815301076,1909f56bfc062723c751e8b465ee728b)
Start importing Assets/Prefabs/HeavenSkin.asset using Guid(8e701a32bb1104460ab7a1763c31a568) Importer(815301076,1909f56bfc062723c751e8b465ee728b)  -> (artifact id: 'fd83b7918064d73beb29ad891fc8a640') in 0.019055 seconds
  Import took 0.026122 seconds .

========================================================================
Received Import Request.
  Time since last request: 0.061481 seconds.
  path: Assets/Prefabs/HeavenSkin.asset
  artifactKey: Guid(8e701a32bb1104460ab7a1763c31a568) Importer(815301076,1909f56bfc062723c751e8b465ee728b)
Start importing Assets/Prefabs/HeavenSkin.asset using Guid(8e701a32bb1104460ab7a1763c31a568) Importer(815301076,1909f56bfc062723c751e8b465ee728b)  -> (artifact id: 'fd83b7918064d73beb29ad891fc8a640') in 0.038335 seconds
  Import took 0.055331 seconds .

========================================================================
Received Import Request.
  Time since last request: 339.660053 seconds.
  path: Assets/Prefabs/ParadisoSkin.asset
  artifactKey: Guid(8e701a32bb1104460ab7a1763c31a568) Importer(815301076,1909f56bfc062723c751e8b465ee728b)
Start importing Assets/Prefabs/ParadisoSkin.asset using Guid(8e701a32bb1104460ab7a1763c31a568) Importer(815301076,1909f56bfc062723c751e8b465ee728b)  -> (artifact id: '0e405c300eb947f7ee2611315a1f35d1') in 0.052797 seconds
  Import took 0.099456 seconds .

========================================================================
Received Import Request.
  Time since last request: 4.576242 seconds.
  path: Assets/Prefabs/InfernoSkin.asset
  artifactKey: Guid(56ef42b3a14c044658813d93c7f6b40c) Importer(815301076,1909f56bfc062723c751e8b465ee728b)
Start importing Assets/Prefabs/InfernoSkin.asset using Guid(56ef42b3a14c044658813d93c7f6b40c) Importer(815301076,1909f56bfc062723c751e8b465ee728b)  -> (artifact id: '486fdce3f375b9dcbf34262b44b3d3e5') in 0.027864 seconds
  Import took 0.036135 seconds .

========================================================================
Received Import Request.
  Time since last request: 0.049341 seconds.
  path: Assets/Prefabs/InfernoSkin.asset
  artifactKey: Guid(56ef42b3a14c044658813d93c7f6b40c) Importer(815301076,1909f56bfc062723c751e8b465ee728b)
Start importing Assets/Prefabs/InfernoSkin.asset using Guid(56ef42b3a14c044658813d93c7f6b40c) Importer(815301076,1909f56bfc062723c751e8b465ee728b)  -> (artifact id: '486fdce3f375b9dcbf34262b44b3d3e5') in 0.015200 seconds
  Import took 0.024819 seconds .

========================================================================
Received Import Request.
  Time since last request: 12.766157 seconds.
  path: Assets/Prefabs/PurgatorioSkin.asset
  artifactKey: Guid(0e9d7d0783d564a9a9d2cab3abc264ea) Importer(815301076,1909f56bfc062723c751e8b465ee728b)
Start importing Assets/Prefabs/PurgatorioSkin.asset using Guid(0e9d7d0783d564a9a9d2cab3abc264ea) Importer(815301076,1909f56bfc062723c751e8b465ee728b)  -> (artifact id: 'fa00817243f5ebfbfc1aecd6524d1abf') in 0.007337 seconds
  Import took 0.013216 seconds .

========================================================================
Received Import Request.
  Time since last request: 0.029765 seconds.
  path: Assets/Prefabs/PurgatorioSkin.asset
  artifactKey: Guid(0e9d7d0783d564a9a9d2cab3abc264ea) Importer(815301076,1909f56bfc062723c751e8b465ee728b)
Start importing Assets/Prefabs/PurgatorioSkin.asset using Guid(0e9d7d0783d564a9a9d2cab3abc264ea) Importer(815301076,1909f56bfc062723c751e8b465ee728b)  -> (artifact id: 'fa00817243f5ebfbfc1aecd6524d1abf') in 0.021197 seconds
  Import took 0.028699 seconds .

========================================================================
Received Import Request.
  Time since last request: 1.054160 seconds.
  path: Assets/Prefabs/InfernoSkin.asset
  artifactKey: Guid(56ef42b3a14c044658813d93c7f6b40c) Importer(815301076,1909f56bfc062723c751e8b465ee728b)
Start importing Assets/Prefabs/InfernoSkin.asset using Guid(56ef42b3a14c044658813d93c7f6b40c) Importer(815301076,1909f56bfc062723c751e8b465ee728b)  -> (artifact id: 'f84db2b63a3fd7119651e0a7898209be') in 0.031028 seconds
  Import took 0.043659 seconds .

========================================================================
Received Import Request.
  Time since last request: 0.001359 seconds.
  path: Assets/Prefabs/ParadisoSkin.asset
  artifactKey: Guid(8e701a32bb1104460ab7a1763c31a568) Importer(815301076,1909f56bfc062723c751e8b465ee728b)
Start importing Assets/Prefabs/ParadisoSkin.asset using Guid(8e701a32bb1104460ab7a1763c31a568) Importer(815301076,1909f56bfc062723c751e8b465ee728b)  -> (artifact id: 'b2b45bf9599ae1c546460104cba261f2') in 0.012061 seconds
  Import took 0.024321 seconds .

========================================================================
Received Import Request.
  Time since last request: 0.000351 seconds.
  path: Assets/Prefabs/PurgatorioSkin.asset
  artifactKey: Guid(0e9d7d0783d564a9a9d2cab3abc264ea) Importer(815301076,1909f56bfc062723c751e8b465ee728b)
Start importing Assets/Prefabs/PurgatorioSkin.asset using Guid(0e9d7d0783d564a9a9d2cab3abc264ea) Importer(815301076,1909f56bfc062723c751e8b465ee728b)  -> (artifact id: 'bd625b5d41b8d8f2a3f6a84f558bd011') in 0.009420 seconds
  Import took 0.016236 seconds .

========================================================================
Received Import Request.
  Time since last request: 30.021037 seconds.
  path: Assets/Fonts/GrapeSoda SDF.asset
  artifactKey: Guid(31004596016584696b625d7cbc67f7c7) Importer(815301076,1909f56bfc062723c751e8b465ee728b)
Start importing Assets/Fonts/GrapeSoda SDF.asset using Guid(31004596016584696b625d7cbc67f7c7) Importer(815301076,1909f56bfc062723c751e8b465ee728b)  -> (artifact id: '16bec01da02b1f680ef158bf78d8c6fb') in 0.268663 seconds
  Import took 0.275527 seconds .

========================================================================
Received Import Request.
  Time since last request: 0.380075 seconds.
  path: Assets/Materials/Background_Sprite Scrolling.mat
  artifactKey: Guid(d263a8fa5fac644f5a2ee0b8a7d0d1b3) Importer(815301076,1909f56bfc062723c751e8b465ee728b)
Start importing Assets/Materials/Background_Sprite Scrolling.mat using Guid(d263a8fa5fac644f5a2ee0b8a7d0d1b3) Importer(815301076,1909f56bfc062723c751e8b465ee728b)  -> (artifact id: '91ecee2a112d5f7c46ab9d1f5cb252b6') in 0.024948 seconds
  Import took 0.031851 seconds .

========================================================================
Received Import Request.
  Time since last request: 4.830813 seconds.
  path: Assets/Scenes/Main.unity
  artifactKey: Guid(7e64258f72f304ba48c3894252f53f5c) Importer(815301076,1909f56bfc062723c751e8b465ee728b)
Start importing Assets/Scenes/Main.unity using Guid(7e64258f72f304ba48c3894252f53f5c) Importer(815301076,1909f56bfc062723c751e8b465ee728b)  -> (artifact id: '6278e0e03849c897471e27cabdbf8869') in 0.003518 seconds
  Import took 0.009956 seconds .

========================================================================
Received Import Request.
  Time since last request: 14.022638 seconds.
  path: Assets/Prefabs/Skins
  artifactKey: Guid(c9d934d7ca2bf425d97378c55aeee3a6) Importer(815301076,1909f56bfc062723c751e8b465ee728b)
Start importing Assets/Prefabs/Skins using Guid(c9d934d7ca2bf425d97378c55aeee3a6) Importer(815301076,1909f56bfc062723c751e8b465ee728b)  -> (artifact id: '18f1d3718d73ae7387b1a9bd8738ae37') in 0.002522 seconds
  Import took 0.010023 seconds .

========================================================================
Received Prepare
Registering precompiled user dll's ...
Registered in 0.002490 seconds.
Begin MonoManager ReloadAssembly
Native extension for LinuxStandalone target not found
Native extension for OSXStandalone target not found
Native extension for WebGL target not found
Refreshing native plugins compatible for Editor in 0.35 ms, found 1 plugins.
Preloading 0 native plugins for Editor in 0.00 ms.
Mono: successfully reloaded assembly
- Completed reload, in  1.949 seconds
Platform modules already initialized, skipping
Switching build target platform(2) subTarget(0) extendedPlatform(0) -> platform(9) subTarget(16777218) extendedPlatform(0)
Refreshing native plugins compatible for Editor in 0.56 ms, found 1 plugins.
Preloading 0 native plugins for Editor in 0.00 ms.
Unloading 1700 Unused Serialized files (Serialized files now loaded: 0)
System memory in use before: 168.1 MB.
System memory in use after: 168.1 MB.

Unloading 9 unused Assets to reduce memory usage. Loaded Objects now: 2250.
Total: 3.570253 ms (FindLiveObjects: 0.257886 ms CreateObjectMapping: 0.060876 ms MarkObjects: 3.072758 ms  DeleteObjects: 0.176778 ms)

AssetImportParameters requested are different than current active one (requested -> active):
  custom:graphics/normal-map-encoding: 01000000000000000000000000000000 -> 02000000000000000000000000000000
